<!DOCTYPE html>

<html>
  <head>
  <meta charset='utf-8'>
  <title>TestNG reports</title>

    <link type="text/css" href="testng-reports.css" rel="stylesheet" />
    <script type="text/javascript" src="jquery-1.7.1.min.js"></script>
    <script type="text/javascript" src="testng-reports.js"></script>
    <script type="text/javascript" src="https://www.google.com/jsapi"></script>
    <script type='text/javascript'>
      google.load('visualization', '1', {packages:['table']});
      google.setOnLoadCallback(drawTable);
      var suiteTableInitFunctions = new Array();
      var suiteTableData = new Array();
    </script>
    <!--
      <script type="text/javascript" src="jquery-ui/js/jquery-ui-1.8.16.custom.min.js"></script>
     -->
  </head>

  <body>
    <div class="top-banner-root">
      <span class="top-banner-title-font">Test results</span>
      <br/>
      <span class="top-banner-font-1">1 suite</span>
    </div> <!-- top-banner-root -->
    <div class="navigator-root">
      <div class="navigator-suite-header">
        <span>All suites</span>
        <a href="#" title="Collapse/expand all the suites" class="collapse-all-link">
          <img src="collapseall.gif" class="collapse-all-icon">
          </img> <!-- collapse-all-icon -->
        </a> <!-- collapse-all-link -->
      </div> <!-- navigator-suite-header -->
      <div class="suite">
        <div class="rounded-window">
          <div class="suite-header light-rounded-window-top">
            <a href="#" panel-name="suite-Suite" class="navigator-link">
              <span class="suite-name border-skipped">Suite</span>
            </a> <!-- navigator-link -->
          </div> <!-- suite-header light-rounded-window-top -->
          <div class="navigator-suite-content">
            <div class="suite-section-title">
              <span>Info</span>
            </div> <!-- suite-section-title -->
            <div class="suite-section-content">
              <ul>
                <li>
                  <a href="#" panel-name="test-xml-Suite" class="navigator-link ">
                    <span>C:\Mosab\Selenium\STC-test\src\test\resources\suites\testng.xml</span>
                  </a> <!-- navigator-link  -->
                </li>
                <li>
                  <a href="#" panel-name="testlist-Suite" class="navigator-link ">
                    <span class="test-stats">3 tests</span>
                  </a> <!-- navigator-link  -->
                </li>
                <li>
                  <a href="#" panel-name="group-Suite" class="navigator-link ">
                    <span>0 groups</span>
                  </a> <!-- navigator-link  -->
                </li>
                <li>
                  <a href="#" panel-name="times-Suite" class="navigator-link ">
                    <span>Times</span>
                  </a> <!-- navigator-link  -->
                </li>
                <li>
                  <a href="#" panel-name="reporter-Suite" class="navigator-link ">
                    <span>Reporter output</span>
                  </a> <!-- navigator-link  -->
                </li>
                <li>
                  <a href="#" panel-name="ignored-methods-Suite" class="navigator-link ">
                    <span>Ignored methods</span>
                  </a> <!-- navigator-link  -->
                </li>
                <li>
                  <a href="#" panel-name="chronological-Suite" class="navigator-link ">
                    <span>Chronological view</span>
                  </a> <!-- navigator-link  -->
                </li>
              </ul>
            </div> <!-- suite-section-content -->
            <div class="result-section">
              <div class="suite-section-title">
                <span>Results</span>
              </div> <!-- suite-section-title -->
              <div class="suite-section-content">
                <ul>
                  <li>
                    <span class="method-stats">2 methods,  2 skipped,  </span>
                  </li>
                  <li>
                    <span class="method-list-title skipped">Skipped methods</span>
                    <span class="show-or-hide-methods skipped">
                      <a href="#" panel-name="suite-Suite" class="hide-methods skipped suite-Suite"> (hide)</a> <!-- hide-methods skipped suite-Suite -->
                      <a href="#" panel-name="suite-Suite" class="show-methods skipped suite-Suite"> (show)</a> <!-- show-methods skipped suite-Suite -->
                    </span>
                    <div class="method-list-content skipped suite-Suite">
                      <span>
                        <img src="skipped.png" width="3%"/>
                        <a href="#" panel-name="suite-Suite" title="com.stc.tests.SubscriptionTypeValidationBAHTest" class="method navigator-link" hash-for-method="subscriptionValidationBAHTest">subscriptionValidationBAHTest</a> <!-- method navigator-link -->
                      </span>
                      <br/>
                      <span>
                        <img src="skipped.png" width="3%"/>
                        <a href="#" panel-name="suite-Suite" title="com.stc.tests.SubscriptionTypeValidationKUWTest" class="method navigator-link" hash-for-method="subscriptionValidationKUWTest">subscriptionValidationKUWTest</a> <!-- method navigator-link -->
                      </span>
                      <br/>
                    </div> <!-- method-list-content skipped suite-Suite -->
                  </li>
                </ul>
              </div> <!-- suite-section-content -->
            </div> <!-- result-section -->
          </div> <!-- navigator-suite-content -->
        </div> <!-- rounded-window -->
      </div> <!-- suite -->
    </div> <!-- navigator-root -->
    <div class="wrapper">
      <div class="main-panel-root">
        <div panel-name="suite-Suite" class="panel Suite">
          <div class="suite-Suite-class-skipped">
            <div class="main-panel-header rounded-window-top">
              <img src="skipped.png"/>
              <span class="class-name">com.stc.tests.SubscriptionTypeValidationBAHTest</span>
            </div> <!-- main-panel-header rounded-window-top -->
            <div class="main-panel-content rounded-window-bottom">
              <div class="method">
                <div class="method-content">
                  <a name="subscriptionValidationBAHTest">
                  </a> <!-- subscriptionValidationBAHTest -->
                  <span class="method-name">subscriptionValidationBAHTest</span>
                  <div class="stack-trace">org.openqa.selenium.WebDriverException: disconnected: received Inspector.detached event
  (failed to check if window was closed: disconnected: not connected to DevTools)
  (Session info: chrome=111.0.5563.110)
Build info: version: &apos;3.141.59&apos;, revision: &apos;e82be7d358&apos;, time: &apos;2018-11-14T08:17:03&apos;
System info: host: &apos;DESKTOP-O7P3JCP&apos;, ip: &apos;192.168.100.33&apos;, os.name: &apos;Windows 11&apos;, os.arch: &apos;amd64&apos;, os.version: &apos;10.0&apos;, java.version: &apos;17.0.2&apos;
Driver info: driver.version: ChromeDriver
remote stacktrace: Backtrace:
	(No symbol) [0x005EDCE3]
	(No symbol) [0x005839D1]
	(No symbol) [0x00494DA8]
	(No symbol) [0x00488F47]
	(No symbol) [0x00488ADB]
	(No symbol) [0x00487F65]
	(No symbol) [0x00487EFC]
	(No symbol) [0x00486BF6]
	(No symbol) [0x00487358]
	(No symbol) [0x00486375]
	(No symbol) [0x00490916]
	(No symbol) [0x004861B5]
	(No symbol) [0x00487C1A]
	(No symbol) [0x00486BF6]
	(No symbol) [0x00487358]
	(No symbol) [0x00486375]
	(No symbol) [0x0048E556]
	(No symbol) [0x004861B5]
	(No symbol) [0x00487C1A]
	(No symbol) [0x00486BF6]
	(No symbol) [0x00487358]
	(No symbol) [0x00486375]
	(No symbol) [0x0048C4CB]
	(No symbol) [0x004861B5]
	(No symbol) [0x00487C1A]
	(No symbol) [0x00486BF6]
	(No symbol) [0x00487358]
	(No symbol) [0x00486375]
	(No symbol) [0x00480B4F]
	(No symbol) [0x004861B5]
	(No symbol) [0x00485B6D]
	(No symbol) [0x0048584C]
	(No symbol) [0x00496143]
	(No symbol) [0x0047C883]
	(No symbol) [0x0047BF75]
	(No symbol) [0x004E177D]
	(No symbol) [0x004E129C]
	(No symbol) [0x004DACC6]
	(No symbol) [0x004B6F68]
	(No symbol) [0x004B80CD]
	GetHandleVerifier [0x00863832+2506274]
	GetHandleVerifier [0x00899794+2727300]
	GetHandleVerifier [0x0089E36C+2746716]
	GetHandleVerifier [0x00696690+617600]
	(No symbol) [0x0058C712]
	(No symbol) [0x00591FF8]
	(No symbol) [0x005920DB]
	(No symbol) [0x0059C63B]
	BaseThreadInitThunk [0x76D77D69+25]
	RtlInitializeExceptionChain [0x778EB74B+107]
	RtlClearBits [0x778EB6CF+191]

	at org.openqa.selenium.remote.W3CHandshakeResponse.lambda$errorHandler$0(W3CHandshakeResponse.java:62)
	at org.openqa.selenium.remote.HandshakeResponse.lambda$getResponseFunction$0(HandshakeResponse.java:30)
	at org.openqa.selenium.remote.ProtocolHandshake.lambda$createSession$0(ProtocolHandshake.java:126)
	at java.base/java.util.stream.ReferencePipeline$3$1.accept(ReferencePipeline.java:197)
	at java.base/java.util.Spliterators$ArraySpliterator.tryAdvance(Spliterators.java:1002)
	at java.base/java.util.stream.ReferencePipeline.forEachWithCancel(ReferencePipeline.java:129)
	at java.base/java.util.stream.AbstractPipeline.copyIntoWithCancel(AbstractPipeline.java:527)
	at java.base/java.util.stream.AbstractPipeline.copyInto(AbstractPipeline.java:513)
	at java.base/java.util.stream.AbstractPipeline.wrapAndCopyInto(AbstractPipeline.java:499)
	at java.base/java.util.stream.FindOps$FindOp.evaluateSequential(FindOps.java:150)
	at java.base/java.util.stream.AbstractPipeline.evaluate(AbstractPipeline.java:234)
	at java.base/java.util.stream.ReferencePipeline.findFirst(ReferencePipeline.java:647)
	at org.openqa.selenium.remote.ProtocolHandshake.createSession(ProtocolHandshake.java:128)
	at org.openqa.selenium.remote.ProtocolHandshake.createSession(ProtocolHandshake.java:74)
	at org.openqa.selenium.remote.HttpCommandExecutor.execute(HttpCommandExecutor.java:136)
	at org.openqa.selenium.remote.service.DriverCommandExecutor.execute(DriverCommandExecutor.java:83)
	at org.openqa.selenium.remote.RemoteWebDriver.execute(RemoteWebDriver.java:552)
	at org.openqa.selenium.remote.RemoteWebDriver.startSession(RemoteWebDriver.java:213)
	at org.openqa.selenium.remote.RemoteWebDriver.&lt;init&gt;(RemoteWebDriver.java:131)
	at org.openqa.selenium.chrome.ChromeDriver.&lt;init&gt;(ChromeDriver.java:181)
	at org.openqa.selenium.chrome.ChromeDriver.&lt;init&gt;(ChromeDriver.java:168)
	at org.openqa.selenium.chrome.ChromeDriver.&lt;init&gt;(ChromeDriver.java:157)
	at com.stc.tests.BaseTest.setup(BaseTest.java:56)
	at java.base/java.util.concurrent.ThreadPoolExecutor.runWorker(ThreadPoolExecutor.java:1136)
	at java.base/java.util.concurrent.ThreadPoolExecutor$Worker.run(ThreadPoolExecutor.java:635)
	at java.base/java.lang.Thread.run(Thread.java:833)
... Removed 16 stack frames
</div> <!-- stack-trace -->
                  <em>
(Subscription Type Validation BAH Test)                  </em>
                </div> <!-- method-content -->
              </div> <!-- method -->
            </div> <!-- main-panel-content rounded-window-bottom -->
          </div> <!-- suite-Suite-class-skipped -->
          <div class="suite-Suite-class-skipped">
            <div class="main-panel-header rounded-window-top">
              <img src="skipped.png"/>
              <span class="class-name">com.stc.tests.SubscriptionTypeValidationKUWTest</span>
            </div> <!-- main-panel-header rounded-window-top -->
            <div class="main-panel-content rounded-window-bottom">
              <div class="method">
                <div class="method-content">
                  <a name="subscriptionValidationKUWTest">
                  </a> <!-- subscriptionValidationKUWTest -->
                  <span class="method-name">subscriptionValidationKUWTest</span>
                  <div class="stack-trace">org.openqa.selenium.WebDriverException: unknown error: Chrome failed to start: exited normally.
  (chrome not reachable)
  (The process started from chrome location C:\Program Files\Google\Chrome\Application\chrome.exe is no longer running, so ChromeDriver is assuming that Chrome has crashed.)
Build info: version: &apos;3.141.59&apos;, revision: &apos;e82be7d358&apos;, time: &apos;2018-11-14T08:17:03&apos;
System info: host: &apos;DESKTOP-O7P3JCP&apos;, ip: &apos;192.168.100.33&apos;, os.name: &apos;Windows 11&apos;, os.arch: &apos;amd64&apos;, os.version: &apos;10.0&apos;, java.version: &apos;17.0.2&apos;
Driver info: driver.version: ChromeDriver
remote stacktrace: Backtrace:
	(No symbol) [0x005EDCE3]
	(No symbol) [0x005839D1]
	(No symbol) [0x00494DA8]
	(No symbol) [0x004B20BC]
	(No symbol) [0x004AED19]
	(No symbol) [0x004E15AE]
	(No symbol) [0x004E129C]
	(No symbol) [0x004DACC6]
	(No symbol) [0x004B6F68]
	(No symbol) [0x004B80CD]
	GetHandleVerifier [0x00863832+2506274]
	GetHandleVerifier [0x00899794+2727300]
	GetHandleVerifier [0x0089E36C+2746716]
	GetHandleVerifier [0x00696690+617600]
	(No symbol) [0x0058C712]
	(No symbol) [0x00591FF8]
	(No symbol) [0x005920DB]
	(No symbol) [0x0059C63B]
	BaseThreadInitThunk [0x76D77D69+25]
	RtlInitializeExceptionChain [0x778EB74B+107]
	RtlClearBits [0x778EB6CF+191]

	at org.openqa.selenium.remote.W3CHandshakeResponse.lambda$errorHandler$0(W3CHandshakeResponse.java:62)
	at org.openqa.selenium.remote.HandshakeResponse.lambda$getResponseFunction$0(HandshakeResponse.java:30)
	at org.openqa.selenium.remote.ProtocolHandshake.lambda$createSession$0(ProtocolHandshake.java:126)
	at java.base/java.util.stream.ReferencePipeline$3$1.accept(ReferencePipeline.java:197)
	at java.base/java.util.Spliterators$ArraySpliterator.tryAdvance(Spliterators.java:1002)
	at java.base/java.util.stream.ReferencePipeline.forEachWithCancel(ReferencePipeline.java:129)
	at java.base/java.util.stream.AbstractPipeline.copyIntoWithCancel(AbstractPipeline.java:527)
	at java.base/java.util.stream.AbstractPipeline.copyInto(AbstractPipeline.java:513)
	at java.base/java.util.stream.AbstractPipeline.wrapAndCopyInto(AbstractPipeline.java:499)
	at java.base/java.util.stream.FindOps$FindOp.evaluateSequential(FindOps.java:150)
	at java.base/java.util.stream.AbstractPipeline.evaluate(AbstractPipeline.java:234)
	at java.base/java.util.stream.ReferencePipeline.findFirst(ReferencePipeline.java:647)
	at org.openqa.selenium.remote.ProtocolHandshake.createSession(ProtocolHandshake.java:128)
	at org.openqa.selenium.remote.ProtocolHandshake.createSession(ProtocolHandshake.java:74)
	at org.openqa.selenium.remote.HttpCommandExecutor.execute(HttpCommandExecutor.java:136)
	at org.openqa.selenium.remote.service.DriverCommandExecutor.execute(DriverCommandExecutor.java:83)
	at org.openqa.selenium.remote.RemoteWebDriver.execute(RemoteWebDriver.java:552)
	at org.openqa.selenium.remote.RemoteWebDriver.startSession(RemoteWebDriver.java:213)
	at org.openqa.selenium.remote.RemoteWebDriver.&lt;init&gt;(RemoteWebDriver.java:131)
	at org.openqa.selenium.chrome.ChromeDriver.&lt;init&gt;(ChromeDriver.java:181)
	at org.openqa.selenium.chrome.ChromeDriver.&lt;init&gt;(ChromeDriver.java:168)
	at org.openqa.selenium.chrome.ChromeDriver.&lt;init&gt;(ChromeDriver.java:157)
	at com.stc.tests.BaseTest.setup(BaseTest.java:56)
	at java.base/java.util.concurrent.ThreadPoolExecutor.runWorker(ThreadPoolExecutor.java:1136)
	at java.base/java.util.concurrent.ThreadPoolExecutor$Worker.run(ThreadPoolExecutor.java:635)
	at java.base/java.lang.Thread.run(Thread.java:833)
... Removed 16 stack frames
</div> <!-- stack-trace -->
                  <em>
(Subscription Type Validation KUW Test)                  </em>
                </div> <!-- method-content -->
              </div> <!-- method -->
            </div> <!-- main-panel-content rounded-window-bottom -->
          </div> <!-- suite-Suite-class-skipped -->
        </div> <!-- panel Suite -->
        <div panel-name="test-xml-Suite" class="panel">
          <div class="main-panel-header rounded-window-top">
            <span class="header-content">C:\Mosab\Selenium\STC-test\src\test\resources\suites\testng.xml</span>
          </div> <!-- main-panel-header rounded-window-top -->
          <div class="main-panel-content rounded-window-bottom">
            <pre>
&lt;?xml version=&quot;1.0&quot; encoding=&quot;UTF-8&quot;?&gt;
&lt;!DOCTYPE suite SYSTEM &quot;http://testng.org/testng-1.0.dtd&quot;&gt;
&lt;suite name=&quot;Suite&quot; guice-stage=&quot;DEVELOPMENT&quot; verbose=&quot;0&quot;&gt;
  &lt;test thread-count=&quot;5&quot; parallel=&quot;classes&quot; name=&quot;Test&quot; verbose=&quot;0&quot;&gt;
    &lt;classes&gt;
      &lt;class name=&quot;com.stc.tests.SubscriptionCurruncyValidationKSATest&quot;/&gt;
      &lt;class name=&quot;com.stc.tests.SubscriptionPriceValidationKSATest&quot;/&gt;
      &lt;class name=&quot;com.stc.tests.SubscriptionTypeValidationKSATest&quot;/&gt;
    &lt;/classes&gt;
  &lt;/test&gt; &lt;!-- Test --&gt;
  &lt;test thread-count=&quot;5&quot; parallel=&quot;classes&quot; name=&quot;Test2&quot; verbose=&quot;0&quot;&gt;
    &lt;classes&gt;
      &lt;class name=&quot;com.stc.tests.SubscriptionCurruncyValidationBAHTest&quot;/&gt;
      &lt;class name=&quot;com.stc.tests.SubscriptionPriceValidationBAHTest&quot;/&gt;
      &lt;class name=&quot;com.stc.tests.SubscriptionTypeValidationBAHTest&quot;/&gt;
    &lt;/classes&gt;
  &lt;/test&gt; &lt;!-- Test2 --&gt;
  &lt;test thread-count=&quot;5&quot; parallel=&quot;classes&quot; name=&quot;Test3&quot; verbose=&quot;0&quot;&gt;
    &lt;classes&gt;
      &lt;class name=&quot;com.stc.tests.SubscriptionCurruncyValidationKUWTest&quot;/&gt;
      &lt;class name=&quot;com.stc.tests.SubscriptionPriceValidationKUWTest&quot;/&gt;
      &lt;class name=&quot;com.stc.tests.SubscriptionTypeValidationKUWTest&quot;/&gt;
    &lt;/classes&gt;
  &lt;/test&gt; &lt;!-- Test3 --&gt;
&lt;/suite&gt; &lt;!-- Suite --&gt;
            </pre>
          </div> <!-- main-panel-content rounded-window-bottom -->
        </div> <!-- panel -->
        <div panel-name="testlist-Suite" class="panel">
          <div class="main-panel-header rounded-window-top">
            <span class="header-content">Tests for Suite</span>
          </div> <!-- main-panel-header rounded-window-top -->
          <div class="main-panel-content rounded-window-bottom">
            <ul>
              <li>
                <span class="test-name">Test (3 classes)</span>
              </li>
              <li>
                <span class="test-name">Test2 (3 classes)</span>
              </li>
              <li>
                <span class="test-name">Test3 (3 classes)</span>
              </li>
            </ul>
          </div> <!-- main-panel-content rounded-window-bottom -->
        </div> <!-- panel -->
        <div panel-name="group-Suite" class="panel">
          <div class="main-panel-header rounded-window-top">
            <span class="header-content">Groups for Suite</span>
          </div> <!-- main-panel-header rounded-window-top -->
          <div class="main-panel-content rounded-window-bottom">
          </div> <!-- main-panel-content rounded-window-bottom -->
        </div> <!-- panel -->
        <div panel-name="times-Suite" class="panel">
          <div class="main-panel-header rounded-window-top">
            <span class="header-content">Times for Suite</span>
          </div> <!-- main-panel-header rounded-window-top -->
          <div class="main-panel-content rounded-window-bottom">
            <div class="times-div">
              <script type="text/javascript">
suiteTableInitFunctions.push('tableData_Suite');
function tableData_Suite() {
var data = new google.visualization.DataTable();
data.addColumn('number', 'Number');
data.addColumn('string', 'Method');
data.addColumn('string', 'Class');
data.addColumn('number', 'Time (ms)');
data.addRows(2);
data.setCell(0, 0, 0)
data.setCell(0, 1, 'subscriptionValidationBAHTest')
data.setCell(0, 2, 'com.stc.tests.SubscriptionTypeValidationBAHTest')
data.setCell(0, 3, 0);
data.setCell(1, 0, 1)
data.setCell(1, 1, 'subscriptionValidationKUWTest')
data.setCell(1, 2, 'com.stc.tests.SubscriptionTypeValidationKUWTest')
data.setCell(1, 3, 0);
window.suiteTableData['Suite']= { tableData: data, tableDiv: 'times-div-Suite'}
return data;
}
              </script>
              <span class="suite-total-time">Total running time: 0 ms</span>
              <div id="times-div-Suite">
              </div> <!-- times-div-Suite -->
            </div> <!-- times-div -->
          </div> <!-- main-panel-content rounded-window-bottom -->
        </div> <!-- panel -->
        <div panel-name="reporter-Suite" class="panel">
          <div class="main-panel-header rounded-window-top">
            <span class="header-content">Reporter output for Suite</span>
          </div> <!-- main-panel-header rounded-window-top -->
          <div class="main-panel-content rounded-window-bottom">
          </div> <!-- main-panel-content rounded-window-bottom -->
        </div> <!-- panel -->
        <div panel-name="ignored-methods-Suite" class="panel">
          <div class="main-panel-header rounded-window-top">
            <span class="header-content">12 ignored methods</span>
          </div> <!-- main-panel-header rounded-window-top -->
          <div class="main-panel-content rounded-window-bottom">
            <div class="ignored-class-div">
              <span class="ignored-class-name">com.stc.tests.SubscriptionTypeValidationBAHTest</span>
              <div class="ignored-methods-div">
                <span class="ignored-method-name">globalSetup</span>
                <br/>
                <span class="ignored-method-name">wrapAllUp</span>
                <br/>
              </div> <!-- ignored-methods-div -->
            </div> <!-- ignored-class-div -->
            <div class="ignored-class-div">
              <span class="ignored-class-name">com.stc.tests.SubscriptionTypeValidationKUWTest</span>
              <div class="ignored-methods-div">
                <span class="ignored-method-name">globalSetup</span>
                <br/>
                <span class="ignored-method-name">wrapAllUp</span>
                <br/>
              </div> <!-- ignored-methods-div -->
            </div> <!-- ignored-class-div -->
            <div class="ignored-class-div">
              <span class="ignored-class-name">com.stc.tests.SubscriptionPriceValidationKUWTest</span>
              <div class="ignored-methods-div">
                <span class="ignored-method-name">globalSetup</span>
                <br/>
                <span class="ignored-method-name">wrapAllUp</span>
                <br/>
              </div> <!-- ignored-methods-div -->
            </div> <!-- ignored-class-div -->
            <div class="ignored-class-div">
              <span class="ignored-class-name">com.stc.tests.SubscriptionPriceValidationKSATest</span>
              <div class="ignored-methods-div">
                <span class="ignored-method-name">globalSetup</span>
                <br/>
                <span class="ignored-method-name">wrapAllUp</span>
                <br/>
              </div> <!-- ignored-methods-div -->
            </div> <!-- ignored-class-div -->
            <div class="ignored-class-div">
              <span class="ignored-class-name">com.stc.tests.SubscriptionTypeValidationKSATest</span>
              <div class="ignored-methods-div">
                <span class="ignored-method-name">globalSetup</span>
                <br/>
                <span class="ignored-method-name">wrapAllUp</span>
                <br/>
              </div> <!-- ignored-methods-div -->
            </div> <!-- ignored-class-div -->
            <div class="ignored-class-div">
              <span class="ignored-class-name">com.stc.tests.SubscriptionPriceValidationBAHTest</span>
              <div class="ignored-methods-div">
                <span class="ignored-method-name">globalSetup</span>
                <br/>
                <span class="ignored-method-name">wrapAllUp</span>
                <br/>
              </div> <!-- ignored-methods-div -->
            </div> <!-- ignored-class-div -->
          </div> <!-- main-panel-content rounded-window-bottom -->
        </div> <!-- panel -->
        <div panel-name="chronological-Suite" class="panel">
          <div class="main-panel-header rounded-window-top">
            <span class="header-content">Methods in chronological order</span>
          </div> <!-- main-panel-header rounded-window-top -->
          <div class="main-panel-content rounded-window-bottom">
            <div class="chronological-class">
              <div class="chronological-class-name">com.stc.tests.SubscriptionTypeValidationBAHTest</div> <!-- chronological-class-name -->
              <div class="test-method">
                <span class="method-name">subscriptionValidationBAHTest</span>
                <span class="method-start">0 ms</span>
              </div> <!-- test-method -->
            </div> <!-- chronological-class -->
            <div class="chronological-class">
              <div class="chronological-class-name">com.stc.tests.SubscriptionTypeValidationKUWTest</div> <!-- chronological-class-name -->
              <div class="test-method">
                <span class="method-name">subscriptionValidationKUWTest</span>
                <span class="method-start">0 ms</span>
              </div> <!-- test-method -->
            </div> <!-- chronological-class -->
            <div class="chronological-class">
              <div class="chronological-class-name">com.stc.tests.SubscriptionCurruncyValidationKUWTest</div> <!-- chronological-class-name -->
              <div class="configuration-suite before">
                <span class="method-name">globalSetup</span>
                <span class="method-start">0 ms</span>
              </div> <!-- configuration-suite before -->
            </div> <!-- chronological-class -->
            <div class="chronological-class">
              <div class="chronological-class-name">com.stc.tests.SubscriptionPriceValidationKSATest</div> <!-- chronological-class-name -->
              <div class="configuration-class before">
                <span class="method-name">setup</span>
                <span class="method-start">99 ms</span>
              </div> <!-- configuration-class before -->
            </div> <!-- chronological-class -->
            <div class="chronological-class">
              <div class="chronological-class-name">com.stc.tests.SubscriptionTypeValidationKSATest</div> <!-- chronological-class-name -->
              <div class="configuration-class before">
                <span class="method-name">setup</span>
                <span class="method-start">99 ms</span>
              </div> <!-- configuration-class before -->
            </div> <!-- chronological-class -->
            <div class="chronological-class">
              <div class="chronological-class-name">com.stc.tests.SubscriptionCurruncyValidationKSATest</div> <!-- chronological-class-name -->
              <div class="configuration-class before">
                <span class="method-name">setup</span>
                <span class="method-start">99 ms</span>
              </div> <!-- configuration-class before -->
            </div> <!-- chronological-class -->
            <div class="chronological-class">
              <div class="chronological-class-name">com.stc.tests.SubscriptionPriceValidationKSATest</div> <!-- chronological-class-name -->
              <div class="test-method">
                <img src="failed.png">
                </img>
                <span class="method-name">subscriptionValidationKSATest</span>
                <span class="method-start">1938 ms</span>
              </div> <!-- test-method -->
            </div> <!-- chronological-class -->
            <div class="chronological-class">
              <div class="chronological-class-name">com.stc.tests.SubscriptionTypeValidationKSATest</div> <!-- chronological-class-name -->
              <div class="test-method">
                <img src="failed.png">
                </img>
                <span class="method-name">subscriptionValidationKSATest</span>
                <span class="method-start">1938 ms</span>
              </div> <!-- test-method -->
            </div> <!-- chronological-class -->
            <div class="chronological-class">
              <div class="chronological-class-name">com.stc.tests.SubscriptionCurruncyValidationKSATest</div> <!-- chronological-class-name -->
              <div class="test-method">
                <img src="failed.png">
                </img>
                <span class="method-name">subscriptionValidationKSATest</span>
                <span class="method-start">2044 ms</span>
              </div> <!-- test-method -->
            </div> <!-- chronological-class -->
            <div class="chronological-class">
              <div class="chronological-class-name">com.stc.tests.SubscriptionPriceValidationKSATest</div> <!-- chronological-class-name -->
              <div class="configuration-class after">
                <img src="failed.png">
                </img>
                <span class="method-name">wrapUp</span>
                <span class="method-start">7167 ms</span>
              </div> <!-- configuration-class after -->
            </div> <!-- chronological-class -->
            <div class="chronological-class">
              <div class="chronological-class-name">com.stc.tests.SubscriptionCurruncyValidationKSATest</div> <!-- chronological-class-name -->
              <div class="configuration-class after">
                <img src="failed.png">
                </img>
                <span class="method-name">wrapUp</span>
                <span class="method-start">7746 ms</span>
              </div> <!-- configuration-class after -->
            </div> <!-- chronological-class -->
            <div class="chronological-class">
              <div class="chronological-class-name">com.stc.tests.SubscriptionTypeValidationKSATest</div> <!-- chronological-class-name -->
              <div class="configuration-class after">
                <img src="failed.png">
                </img>
                <span class="method-name">wrapUp</span>
                <span class="method-start">8176 ms</span>
              </div> <!-- configuration-class after -->
            </div> <!-- chronological-class -->
            <div class="chronological-class">
              <div class="chronological-class-name">com.stc.tests.SubscriptionCurruncyValidationBAHTest</div> <!-- chronological-class-name -->
              <div class="configuration-class before">
                <span class="method-name">setup</span>
                <span class="method-start">8695 ms</span>
              </div> <!-- configuration-class before -->
            </div> <!-- chronological-class -->
            <div class="chronological-class">
              <div class="chronological-class-name">com.stc.tests.SubscriptionPriceValidationBAHTest</div> <!-- chronological-class-name -->
              <div class="configuration-class before">
                <span class="method-name">setup</span>
                <span class="method-start">8695 ms</span>
              </div> <!-- configuration-class before -->
            </div> <!-- chronological-class -->
            <div class="chronological-class">
              <div class="chronological-class-name">com.stc.tests.SubscriptionTypeValidationBAHTest</div> <!-- chronological-class-name -->
              <div class="configuration-class before">
                <img src="failed.png">
                </img>
                <span class="method-name">setup</span>
                <span class="method-start">8696 ms</span>
              </div> <!-- configuration-class before -->
            </div> <!-- chronological-class -->
            <div class="chronological-class">
              <div class="chronological-class-name">com.stc.tests.SubscriptionPriceValidationBAHTest</div> <!-- chronological-class-name -->
              <div class="test-method">
                <img src="failed.png">
                </img>
                <span class="method-name">subscriptionValidationBAHTest</span>
                <span class="method-start">9863 ms</span>
              </div> <!-- test-method -->
            </div> <!-- chronological-class -->
            <div class="chronological-class">
              <div class="chronological-class-name">com.stc.tests.SubscriptionCurruncyValidationBAHTest</div> <!-- chronological-class-name -->
              <div class="test-method">
                <img src="failed.png">
                </img>
                <span class="method-name">subscriptionValidationBHDTest</span>
                <span class="method-start">10025 ms</span>
              </div> <!-- test-method -->
            </div> <!-- chronological-class -->
            <div class="chronological-class">
              <div class="chronological-class-name">com.stc.tests.SubscriptionPriceValidationBAHTest</div> <!-- chronological-class-name -->
              <div class="configuration-class after">
                <img src="failed.png">
                </img>
                <span class="method-name">wrapUp</span>
                <span class="method-start">10495 ms</span>
              </div> <!-- configuration-class after -->
            </div> <!-- chronological-class -->
            <div class="chronological-class">
              <div class="chronological-class-name">com.stc.tests.SubscriptionCurruncyValidationBAHTest</div> <!-- chronological-class-name -->
              <div class="configuration-class after">
                <img src="failed.png">
                </img>
                <span class="method-name">wrapUp</span>
                <span class="method-start">10971 ms</span>
              </div> <!-- configuration-class after -->
            </div> <!-- chronological-class -->
            <div class="chronological-class">
              <div class="chronological-class-name">com.stc.tests.SubscriptionCurruncyValidationKUWTest</div> <!-- chronological-class-name -->
              <div class="configuration-class before">
                <span class="method-name">setup</span>
                <span class="method-start">11206 ms</span>
              </div> <!-- configuration-class before -->
            </div> <!-- chronological-class -->
            <div class="chronological-class">
              <div class="chronological-class-name">com.stc.tests.SubscriptionPriceValidationKUWTest</div> <!-- chronological-class-name -->
              <div class="configuration-class before">
                <span class="method-name">setup</span>
                <span class="method-start">11206 ms</span>
              </div> <!-- configuration-class before -->
            </div> <!-- chronological-class -->
            <div class="chronological-class">
              <div class="chronological-class-name">com.stc.tests.SubscriptionTypeValidationKUWTest</div> <!-- chronological-class-name -->
              <div class="configuration-class before">
                <img src="failed.png">
                </img>
                <span class="method-name">setup</span>
                <span class="method-start">11206 ms</span>
              </div> <!-- configuration-class before -->
            </div> <!-- chronological-class -->
            <div class="chronological-class">
              <div class="chronological-class-name">com.stc.tests.SubscriptionCurruncyValidationKUWTest</div> <!-- chronological-class-name -->
              <div class="test-method">
                <img src="failed.png">
                </img>
                <span class="method-name">subscriptionValidationKUWTest</span>
                <span class="method-start">12423 ms</span>
              </div> <!-- test-method -->
            </div> <!-- chronological-class -->
            <div class="chronological-class">
              <div class="chronological-class-name">com.stc.tests.SubscriptionPriceValidationKUWTest</div> <!-- chronological-class-name -->
              <div class="test-method">
                <img src="failed.png">
                </img>
                <span class="method-name">subscriptionValidationKUWTest</span>
                <span class="method-start">12485 ms</span>
              </div> <!-- test-method -->
              <div class="configuration-class after">
                <img src="failed.png">
                </img>
                <span class="method-name">wrapUp</span>
                <span class="method-start">12860 ms</span>
              </div> <!-- configuration-class after -->
            </div> <!-- chronological-class -->
            <div class="chronological-class">
              <div class="chronological-class-name">com.stc.tests.SubscriptionCurruncyValidationKUWTest</div> <!-- chronological-class-name -->
              <div class="configuration-class after">
                <img src="failed.png">
                </img>
                <span class="method-name">wrapUp</span>
                <span class="method-start">13258 ms</span>
              </div> <!-- configuration-class after -->
              <div class="configuration-suite after">
                <span class="method-name">wrapAllUp(org.testng.TestRunner@c7ba306)</span>
                <span class="method-start">14583 ms</span>
              </div> <!-- configuration-suite after -->
          </div> <!-- main-panel-content rounded-window-bottom -->
        </div> <!-- panel -->
      </div> <!-- main-panel-root -->
    </div> <!-- wrapper -->
  </body>
</html>
